<?xml version="1.0" encoding="UTF-8"?>
<testng-results total="1" passed="1" failed="0" skipped="0">
  <reporter-output>
  </reporter-output>
  <suite started-at="2025-04-02T19:46:00Z" name="Default suite" finished-at="2025-04-02T19:46:06Z" duration-ms="6118">
    <groups>
    </groups>
    <test started-at="2025-04-02T19:46:00Z" name="Default test" finished-at="2025-04-02T19:46:06Z" duration-ms="6118">
      <class name="com.qa.testcases.LoginTest">
        <test-method is-config="true" signature="beforeMethod()[pri:0, instance:com.qa.testcases.LoginTest@1b919693]" started-at="2025-04-02T15:46:00Z" name="beforeMethod" finished-at="2025-04-02T15:46:05Z" duration-ms="5382" status="PASS">
          <reporter-output>
          </reporter-output>
        </test-method> <!-- beforeMethod -->
        <test-method signature="loginWithValidCredentials()[pri:0, instance:com.qa.testcases.LoginTest@1b919693]" started-at="2025-04-02T15:46:05Z" name="loginWithValidCredentials" finished-at="2025-04-02T15:46:06Z" duration-ms="396" status="PASS">
          <reporter-output>
          </reporter-output>
        </test-method> <!-- loginWithValidCredentials -->
        <test-method is-config="true" signature="tearDown()[pri:0, instance:com.qa.testcases.LoginTest@1b919693]" started-at="2025-04-02T15:46:06Z" name="tearDown" finished-at="2025-04-02T15:46:06Z" duration-ms="322" status="PASS">
          <reporter-output>
          </reporter-output>
        </test-method> <!-- tearDown -->
      </class> <!-- com.qa.testcases.LoginTest -->
    </test> <!-- Default test -->
  </suite> <!-- Default suite -->
</testng-results>
